{
  "stats": {
    "suites": 1,
    "tests": 2,
    "passes": 2,
    "pending": 0,
    "failures": 0,
    "start": "2017-06-02T13:57:55.659Z",
    "end": "2017-06-02T13:59:13.158Z",
    "duration": 77499,
    "testsRegistered": 2,
    "passPercent": 100,
    "pendingPercent": 0,
    "other": 0,
    "hasOther": false,
    "skipped": 0,
    "hasSkipped": false,
    "passPercentClass": "success",
    "pendingPercentClass": "danger"
  },
  "suites": {
    "title": "",
    "suites": [
      {
        "title": "elements",
        "suites": [],
        "tests": [
          {
            "title": "@elements",
            "fullTitle": "elements: @elements",
            "timedOut": false,
            "duration": 3419,
            "state": "passed",
            "speed": "slow",
            "pass": true,
            "fail": false,
            "pending": false,
            "code": "//I.amOnPage('#/home(popup:login)');\n//loginPage.sendForm('admin','admin');\n//I.amOnPage('#/home');\nI.seeElement('#menu');\nI.seeElement('#menu > header');\nI.seeElement('#menu > div');\nI.seeElement('#menu > footer');\nI.wait(3);",
            "err": {},
            "isRoot": false,
            "uuid": "e1d99783-7609-41e9-9a0b-6c90b2f01b6c",
            "parentUUID": "8a24523b-fddd-4a89-8529-3e90c67ee9f6",
            "isHook": false,
            "skipped": false
          },
          {
            "title": "left menu",
            "fullTitle": "elements: left menu",
            "timedOut": false,
            "duration": 38249,
            "state": "passed",
            "speed": "slow",
            "pass": true,
            "fail": false,
            "pending": false,
            "code": "//I.amOnPage('#/home(popup:login)');\n    //loginPage.sendForm('admin','admin');\n    I.seeElement('#menu > div > div > a > div.img-box');\n    I.seeElement('#menu > div > div > a > div.prof-user');\n    I.click('#menu > div.menu-inn > div > a > div.prof-user');\n    I.wait(3);\n    I.seeElement('body > div.main > app-profile > app-profile-user > div > div > div');\n    I.wait(3);\n    I.click('#menu > header > a');\n    I.click('#menu > div > div > ul > li:nth-child(1)');\n    //I.waitForInvisible('body > app-preloader > div', 5);\n    //I.waitForElement('body > app-messages > div', 3);\n    I.wait(3);\n    I.click('#messaging > button');\n    I.click('#menu > div > div > ul > li:nth-child(2)');\n    //I.waitForVisible('#notifications');\n    I.wait(3);\n    I.click('#notifications > button');\n    I.moveCursorTo('#menu > div > div > ul > li:nth-child(3) > a');\n    //I.waitForVisible('#menu > div > div > ul > li:nth-child(3) > div > div > ul');\n    I.wait(3);\n    I.moveCursorTo('#menu > div > nav > a:nth-child(2)');\n    I.click('#menu > div > nav > a:nth-child(2)');\n    //I.waitForVisible('body > div.main > app-browse > div.main-top');\n    I.wait(3);\n    I.click('#menu > div > nav > a:nth-child(3)');\n    I.wait(3);\n    //I.waitForVisible('#playlist > div.inner');\n    I.click('#playlist > button');\n    //I.wait(3);\n    I.click('#menu > div > nav > a:nth-child(4)');\n    //I.waitForVisible('body > div.main > app-upload > div');\n    I.wait(3);\n    I.click('#menu > div > nav > a:nth-child(5)');\n    //I.waitForVisible('#favorites');\n    I.wait(3);\n    I.click('#favorites > button');\n    //I.waitForVisible('body > div.main > app-upload > div');\n    I.wait(3);\n    I.click('#menu > div > nav > a:nth-child(1)');\n    //I.waitForVisible('body > div.main > app-home > div.main-top');\n    I.wait(3);",
            "err": {},
            "isRoot": false,
            "uuid": "73a16bad-aaba-4ccc-8bc4-0bd133610f06",
            "parentUUID": "8a24523b-fddd-4a89-8529-3e90c67ee9f6",
            "isHook": false,
            "skipped": false
          }
        ],
        "pending": [],
        "root": false,
        "_timeout": 0,
        "file": "/left menu_test.js",
        "uuid": "8a24523b-fddd-4a89-8529-3e90c67ee9f6",
        "failedHooks": [],
        "fullFile": "/home/asya/Documents/Projects/imusify/left menu_test.js",
        "passes": [
          {
            "title": "@elements",
            "fullTitle": "elements: @elements",
            "timedOut": false,
            "duration": 3419,
            "state": "passed",
            "speed": "slow",
            "pass": true,
            "fail": false,
            "pending": false,
            "code": "//I.amOnPage('#/home(popup:login)');\n//loginPage.sendForm('admin','admin');\n//I.amOnPage('#/home');\nI.seeElement('#menu');\nI.seeElement('#menu > header');\nI.seeElement('#menu > div');\nI.seeElement('#menu > footer');\nI.wait(3);",
            "err": {},
            "isRoot": false,
            "uuid": "e1d99783-7609-41e9-9a0b-6c90b2f01b6c",
            "parentUUID": "8a24523b-fddd-4a89-8529-3e90c67ee9f6",
            "isHook": false,
            "skipped": false
          },
          {
            "title": "left menu",
            "fullTitle": "elements: left menu",
            "timedOut": false,
            "duration": 38249,
            "state": "passed",
            "speed": "slow",
            "pass": true,
            "fail": false,
            "pending": false,
            "code": "//I.amOnPage('#/home(popup:login)');\n    //loginPage.sendForm('admin','admin');\n    I.seeElement('#menu > div > div > a > div.img-box');\n    I.seeElement('#menu > div > div > a > div.prof-user');\n    I.click('#menu > div.menu-inn > div > a > div.prof-user');\n    I.wait(3);\n    I.seeElement('body > div.main > app-profile > app-profile-user > div > div > div');\n    I.wait(3);\n    I.click('#menu > header > a');\n    I.click('#menu > div > div > ul > li:nth-child(1)');\n    //I.waitForInvisible('body > app-preloader > div', 5);\n    //I.waitForElement('body > app-messages > div', 3);\n    I.wait(3);\n    I.click('#messaging > button');\n    I.click('#menu > div > div > ul > li:nth-child(2)');\n    //I.waitForVisible('#notifications');\n    I.wait(3);\n    I.click('#notifications > button');\n    I.moveCursorTo('#menu > div > div > ul > li:nth-child(3) > a');\n    //I.waitForVisible('#menu > div > div > ul > li:nth-child(3) > div > div > ul');\n    I.wait(3);\n    I.moveCursorTo('#menu > div > nav > a:nth-child(2)');\n    I.click('#menu > div > nav > a:nth-child(2)');\n    //I.waitForVisible('body > div.main > app-browse > div.main-top');\n    I.wait(3);\n    I.click('#menu > div > nav > a:nth-child(3)');\n    I.wait(3);\n    //I.waitForVisible('#playlist > div.inner');\n    I.click('#playlist > button');\n    //I.wait(3);\n    I.click('#menu > div > nav > a:nth-child(4)');\n    //I.waitForVisible('body > div.main > app-upload > div');\n    I.wait(3);\n    I.click('#menu > div > nav > a:nth-child(5)');\n    //I.waitForVisible('#favorites');\n    I.wait(3);\n    I.click('#favorites > button');\n    //I.waitForVisible('body > div.main > app-upload > div');\n    I.wait(3);\n    I.click('#menu > div > nav > a:nth-child(1)');\n    //I.waitForVisible('body > div.main > app-home > div.main-top');\n    I.wait(3);",
            "err": {},
            "isRoot": false,
            "uuid": "73a16bad-aaba-4ccc-8bc4-0bd133610f06",
            "parentUUID": "8a24523b-fddd-4a89-8529-3e90c67ee9f6",
            "isHook": false,
            "skipped": false
          }
        ],
        "failures": [],
        "skipped": [],
        "hasTests": true,
        "hasFailedHooks": false,
        "hasSuites": false,
        "totalTests": 2,
        "totalPasses": 2,
        "totalFailures": 0,
        "totalPending": 0,
        "totalSkipped": 0,
        "hasPasses": true,
        "hasFailures": false,
        "hasPending": false,
        "hasSkipped": false,
        "duration": 41668,
        "rootEmpty": false
      }
    ],
    "tests": [],
    "pending": [],
    "root": true,
    "_timeout": 0,
    "uuid": "39615c92-a074-4b3d-9e9f-e40f34ce4bf9",
    "failedHooks": [],
    "fullFile": "",
    "file": "",
    "passes": [],
    "failures": [],
    "skipped": [],
    "hasTests": false,
    "hasFailedHooks": false,
    "hasSuites": true,
    "totalTests": 0,
    "totalPasses": 0,
    "totalFailures": 0,
    "totalPending": 0,
    "totalSkipped": 0,
    "hasPasses": false,
    "hasFailures": false,
    "hasPending": false,
    "hasSkipped": false,
    "duration": 0,
    "rootEmpty": true
  },
  "allTests": [
    {
      "title": "@elements",
      "fullTitle": "elements: @elements",
      "timedOut": false,
      "duration": 3419,
      "state": "passed",
      "speed": "slow",
      "pass": true,
      "fail": false,
      "pending": false,
      "code": "//I.amOnPage('#/home(popup:login)');\n//loginPage.sendForm('admin','admin');\n//I.amOnPage('#/home');\nI.seeElement('#menu');\nI.seeElement('#menu > header');\nI.seeElement('#menu > div');\nI.seeElement('#menu > footer');\nI.wait(3);",
      "err": {},
      "isRoot": false,
      "uuid": "e1d99783-7609-41e9-9a0b-6c90b2f01b6c",
      "parentUUID": "8a24523b-fddd-4a89-8529-3e90c67ee9f6",
      "isHook": false,
      "skipped": false
    },
    {
      "title": "left menu",
      "fullTitle": "elements: left menu",
      "timedOut": false,
      "duration": 38249,
      "state": "passed",
      "speed": "slow",
      "pass": true,
      "fail": false,
      "pending": false,
      "code": "//I.amOnPage('#/home(popup:login)');\n    //loginPage.sendForm('admin','admin');\n    I.seeElement('#menu > div > div > a > div.img-box');\n    I.seeElement('#menu > div > div > a > div.prof-user');\n    I.click('#menu > div.menu-inn > div > a > div.prof-user');\n    I.wait(3);\n    I.seeElement('body > div.main > app-profile > app-profile-user > div > div > div');\n    I.wait(3);\n    I.click('#menu > header > a');\n    I.click('#menu > div > div > ul > li:nth-child(1)');\n    //I.waitForInvisible('body > app-preloader > div', 5);\n    //I.waitForElement('body > app-messages > div', 3);\n    I.wait(3);\n    I.click('#messaging > button');\n    I.click('#menu > div > div > ul > li:nth-child(2)');\n    //I.waitForVisible('#notifications');\n    I.wait(3);\n    I.click('#notifications > button');\n    I.moveCursorTo('#menu > div > div > ul > li:nth-child(3) > a');\n    //I.waitForVisible('#menu > div > div > ul > li:nth-child(3) > div > div > ul');\n    I.wait(3);\n    I.moveCursorTo('#menu > div > nav > a:nth-child(2)');\n    I.click('#menu > div > nav > a:nth-child(2)');\n    //I.waitForVisible('body > div.main > app-browse > div.main-top');\n    I.wait(3);\n    I.click('#menu > div > nav > a:nth-child(3)');\n    I.wait(3);\n    //I.waitForVisible('#playlist > div.inner');\n    I.click('#playlist > button');\n    //I.wait(3);\n    I.click('#menu > div > nav > a:nth-child(4)');\n    //I.waitForVisible('body > div.main > app-upload > div');\n    I.wait(3);\n    I.click('#menu > div > nav > a:nth-child(5)');\n    //I.waitForVisible('#favorites');\n    I.wait(3);\n    I.click('#favorites > button');\n    //I.waitForVisible('body > div.main > app-upload > div');\n    I.wait(3);\n    I.click('#menu > div > nav > a:nth-child(1)');\n    //I.waitForVisible('body > div.main > app-home > div.main-top');\n    I.wait(3);",
      "err": {},
      "isRoot": false,
      "uuid": "73a16bad-aaba-4ccc-8bc4-0bd133610f06",
      "parentUUID": "8a24523b-fddd-4a89-8529-3e90c67ee9f6",
      "isHook": false,
      "skipped": false
    }
  ],
  "allPending": [],
  "allPasses": [
    {
      "title": "@elements",
      "fullTitle": "elements: @elements",
      "timedOut": false,
      "duration": 3419,
      "state": "passed",
      "speed": "slow",
      "pass": true,
      "fail": false,
      "pending": false,
      "code": "//I.amOnPage('#/home(popup:login)');\n//loginPage.sendForm('admin','admin');\n//I.amOnPage('#/home');\nI.seeElement('#menu');\nI.seeElement('#menu > header');\nI.seeElement('#menu > div');\nI.seeElement('#menu > footer');\nI.wait(3);",
      "err": {},
      "isRoot": false,
      "uuid": "e1d99783-7609-41e9-9a0b-6c90b2f01b6c",
      "parentUUID": "8a24523b-fddd-4a89-8529-3e90c67ee9f6",
      "isHook": false,
      "skipped": false
    },
    {
      "title": "left menu",
      "fullTitle": "elements: left menu",
      "timedOut": false,
      "duration": 38249,
      "state": "passed",
      "speed": "slow",
      "pass": true,
      "fail": false,
      "pending": false,
      "code": "//I.amOnPage('#/home(popup:login)');\n    //loginPage.sendForm('admin','admin');\n    I.seeElement('#menu > div > div > a > div.img-box');\n    I.seeElement('#menu > div > div > a > div.prof-user');\n    I.click('#menu > div.menu-inn > div > a > div.prof-user');\n    I.wait(3);\n    I.seeElement('body > div.main > app-profile > app-profile-user > div > div > div');\n    I.wait(3);\n    I.click('#menu > header > a');\n    I.click('#menu > div > div > ul > li:nth-child(1)');\n    //I.waitForInvisible('body > app-preloader > div', 5);\n    //I.waitForElement('body > app-messages > div', 3);\n    I.wait(3);\n    I.click('#messaging > button');\n    I.click('#menu > div > div > ul > li:nth-child(2)');\n    //I.waitForVisible('#notifications');\n    I.wait(3);\n    I.click('#notifications > button');\n    I.moveCursorTo('#menu > div > div > ul > li:nth-child(3) > a');\n    //I.waitForVisible('#menu > div > div > ul > li:nth-child(3) > div > div > ul');\n    I.wait(3);\n    I.moveCursorTo('#menu > div > nav > a:nth-child(2)');\n    I.click('#menu > div > nav > a:nth-child(2)');\n    //I.waitForVisible('body > div.main > app-browse > div.main-top');\n    I.wait(3);\n    I.click('#menu > div > nav > a:nth-child(3)');\n    I.wait(3);\n    //I.waitForVisible('#playlist > div.inner');\n    I.click('#playlist > button');\n    //I.wait(3);\n    I.click('#menu > div > nav > a:nth-child(4)');\n    //I.waitForVisible('body > div.main > app-upload > div');\n    I.wait(3);\n    I.click('#menu > div > nav > a:nth-child(5)');\n    //I.waitForVisible('#favorites');\n    I.wait(3);\n    I.click('#favorites > button');\n    //I.waitForVisible('body > div.main > app-upload > div');\n    I.wait(3);\n    I.click('#menu > div > nav > a:nth-child(1)');\n    //I.waitForVisible('body > div.main > app-home > div.main-top');\n    I.wait(3);",
      "err": {},
      "isRoot": false,
      "uuid": "73a16bad-aaba-4ccc-8bc4-0bd133610f06",
      "parentUUID": "8a24523b-fddd-4a89-8529-3e90c67ee9f6",
      "isHook": false,
      "skipped": false
    }
  ],
  "allFailures": [],
  "copyrightYear": 2017
}